2025-06-04 07:31:59,264 - semgrep.run_scan - DEBUG - semgrep version 1.2.0
2025-06-04 07:31:59,268 - semgrep.git - DEBUG - Failed to get project url from 'git ls-remote': Command failed with exit code: 128
-----
Command failed with output:
fatal: No remote configured to list refs from.


Failed to run 'git ls-remote --get-url'. Possible reasons:

- the git binary is not available
- the current working directory is not a git repository
- the baseline commit is not a parent of the current commit
    (if you are running through semgrep-app, check if you are setting `SEMGREP_BRANCH` or `SEMGREP_BASELINE_COMMIT` properly)
- the current working directory is not marked as safe
    (fix with `git config --global --add safe.directory $(pwd)`)

Try running the command yourself to debug the issue.
2025-06-04 07:31:59,269 - semgrep.config_resolver - DEBUG - Loading local config from /home/runner/workspace/.config/.semgrep/semgrep_rules.json
2025-06-04 07:31:59,682 - semgrep.config_resolver - DEBUG - Done loading local config from /home/runner/workspace/.config/.semgrep/semgrep_rules.json
2025-06-04 07:31:59,686 - semgrep.config_resolver - DEBUG - Saving rules to /tmp/semgrep-g4qrlsfx.rules
2025-06-04 07:31:59,878 - semgrep.semgrep_core - DEBUG - Failed to open resource semgrep-core-proprietary: [Errno 2] No such file or directory: '/tmp/_MEI5G8NAQ/semgrep/bin/semgrep-core-proprietary'.
2025-06-04 07:32:00,404 - semgrep.rule_lang - DEBUG - semgrep-core validation response: valid=True
2025-06-04 07:32:00,404 - semgrep.rule_lang - DEBUG - semgrep-core validation succeeded
2025-06-04 07:32:00,404 - semgrep.rule_lang - DEBUG - RPC validation succeeded
2025-06-04 07:32:00,405 - semgrep.config_resolver - DEBUG - loaded 1 configs in 1.1360838413238525
2025-06-04 07:32:00,477 - semgrep.run_scan - VERBOSE - running 711 rules from 1 config /home/runner/workspace/.config/.semgrep/semgrep_rules.json_0
2025-06-04 07:32:00,478 - semgrep.run_scan - VERBOSE - No .semgrepignore found. Using default .semgrepignore rules. See the docs for the list of default ignores: https://semgrep.dev/docs/cli-usage/#ignore-files
2025-06-04 07:32:00,480 - semgrep.run_scan - VERBOSE - Rules:
2025-06-04 07:32:00,480 - semgrep.run_scan - VERBOSE - <SKIPPED DATA (too many entries; use --max-log-list-entries)>
2025-06-04 07:32:01,006 - semgrep.core_runner - DEBUG - Passing whole rules directly to semgrep_core
2025-06-04 07:32:01,187 - semgrep.core_runner - DEBUG - Running Semgrep engine with command:
2025-06-04 07:32:01,187 - semgrep.core_runner - DEBUG - /tmp/_MEI5G8NAQ/semgrep/bin/opengrep-core -json -rules /tmp/tmp4pnrs8y7.json -j 8 -targets /tmp/tmpgu_ngajn -timeout 5 -timeout_threshold 3 -max_memory 0 -fast
2025-06-04 07:32:16,692 - semgrep.core_runner - DEBUG - --- semgrep-core stderr ---
[00.07][[34mINFO[0m]: Executed as: /tmp/_MEI5G8NAQ/semgrep/bin/opengrep-core -json -rules /tmp/tmp4pnrs8y7.json -j 8 -targets /tmp/tmpgu_ngajn -timeout 5 -timeout_threshold 3 -max_memory 0 -fast
[00.07][[34mINFO[0m]: Version: 1.2.0
[00.07][[34mINFO[0m]: Parsing rules in /tmp/tmp4pnrs8y7.json
[00.52][[34mINFO[0m]: scan: processing 350 files (skipping 0), with 454 rules (skipping 0 )
[03.24][[33mWARNING[0m]: Fixpoint timeout while performing taint analysis [rule: config..semgrep.vendored-rules.javascript.lang.security.audit.detect-non-literal-require file: client/src/components/firms/firm-form.tsx func: FirmForm:27620]
[0m[03.67][[33mWARNING[0m]: Fixpoint timeout while performing taint analysis [rule: config..semgrep.vendored-rules.javascript.lang.security.audit.detect-non-literal-fs-filename file: client/src/components/firms/firm-form.tsx func: FirmForm:27620]
[0m[03.85][[33mWARNING[0m]: Fixpoint timeout while performing taint analysis [rule: config..semgrep.vendored-rules.javascript.lang.security.audit.detect-non-literal-require file: client/src/components/tenders/tender-form.tsx func: TenderForm:44644]
[0m[04.13][[33mWARNING[0m]: Fixpoint timeout while performing taint analysis [rule: config..semgrep.vendored-rules.javascript.express.security.injection.tainted-sql-string file: client/src/components/tenders/tender-form.tsx func: TenderForm:44644]
[0m[04.59][[33mWARNING[0m]: Fixpoint timeout while performing taint analysis [rule: config..semgrep.vendored-rules.javascript.express.security.audit.remote-property-injection file: client/src/components/firms/firm-form.tsx func: FirmForm:27620]
[0m[04.63][[33mWARNING[0m]: Fixpoint timeout while performing taint analysis [rule: config..semgrep.vendored-rules.javascript.express.security.audit.remote-property-injection file: client/src/components/tenders/tender-form.tsx func: TenderForm:44644]
[0m[04.82][[33mWARNING[0m]: Fixpoint timeout while performing taint analysis [rule: config..semgrep.vendored-rules.javascript.express.security.x-frame-options-misconfiguration file: client/src/components/firms/firm-form.tsx func: FirmForm:27620]
[0m[04.86][[33mWARNING[0m]: Fixpoint timeout while performing taint analysis [rule: config..semgrep.vendored-rules.javascript.express.security.x-frame-options-misconfiguration file: client/src/components/tenders/tender-form.tsx func: TenderForm:44644]
[0m[05.02][[33mWARNING[0m]: Fixpoint timeout while performing taint analysis [rule: config..semgrep.vendored-rules.javascript.express.security.require-request file: client/src/components/tenders/tender-form.tsx func: TenderForm:44644]
[0m[05.03][[33mWARNING[0m]: Fixpoint timeout while performing taint analysis [rule: config..semgrep.vendored-rules.javascript.express.security.require-request file: client/src/components/firms/firm-form.tsx func: FirmForm:27620]
[0m[05.22][[33mWARNING[0m]: Fixpoint timeout while performing taint analysis [rule: config..semgrep.vendored-rules.javascript.express.security.audit.remote-property-injection file: client/src/pages/blockchain-verification.tsx func: BlockchainVerification:54320]
[0m[05.23][[33mWARNING[0m]: Fixpoint timeout while performing taint analysis [rule: config..semgrep.vendored-rules.javascript.express.security.cors-misconfiguration file: client/src/components/tenders/tender-form.tsx func: TenderForm:44644]
[0m[05.30][[33mWARNING[0m]: Fixpoint timeout while performing taint analysis [rule: config..semgrep.vendored-rules.javascript.express.security.cors-misconfiguration file: client/src/components/firms/firm-form.tsx func: FirmForm:27620]
[0m[06.85][[33mWARNING[0m]: Fixpoint timeout while performing taint analysis [rule: config..semgrep.vendored-rules.javascript.lang.security.audit.detect-non-literal-require file: client/src/pages/automation.tsx func: Automation:62470]
[0m[07.32][[33mWARNING[0m]: Fixpoint timeout while performing taint analysis [rule: config..semgrep.vendored-rules.javascript.lang.security.audit.sqli.node-postgres-sqli file: client/src/pages/document-management.tsx func: DocumentManagement:63854]
[0m[07.33][[33mWARNING[0m]: Fixpoint timeout while performing taint analysis [rule: config..semgrep.vendored-rules.javascript.express.security.injection.tainted-sql-string file: client/src/pages/automation.tsx func: Automation:62470]
[0m[07.66][[33mWARNING[0m]: Fixpoint timeout while performing taint analysis [rule: config..semgrep.vendored-rules.javascript.lang.security.audit.detect-non-literal-require file: client/src/pages/document-management.tsx func: DocumentManagement:63854]
[0m[08.09][[33mWARNING[0m]: Fixpoint timeout while performing taint analysis [rule: config..semgrep.vendored-rules.javascript.express.security.audit.remote-property-injection file: client/src/pages/automation.tsx func: Automation:62470]
[0m[08.11][[33mWARNING[0m]: Fixpoint timeout while performing taint analysis [rule: config..semgrep.vendored-rules.javascript.express.security.injection.tainted-sql-string file: client/src/pages/document-management.tsx func: DocumentManagement:63854]
[0m[08.14][[33mWARNING[0m]: Fixpoint timeout while performing taint analysis [rule: config..semgrep.vendored-rules.javascript.lang.security.audit.detect-non-literal-require file: client/src/pages/calendar.tsx func: Calendar:66060]
[0m[08.50][[33mWARNING[0m]: Fixpoint timeout while performing taint analysis [rule: config..semgrep.vendored-rules.javascript.lang.security.audit.detect-non-literal-require file: client/src/components/firms/firm-details.tsx func: FirmDetails:68772]
[0m[08.52][[33mWARNING[0m]: Fixpoint timeout while performing taint analysis [rule: config..semgrep.vendored-rules.javascript.express.security.require-request file: client/src/pages/automation.tsx func: Automation:62470]
[0m[08.72][[33mWARNING[0m]: Fixpoint timeout while performing taint analysis [rule: config..semgrep.vendored-rules.javascript.express.security.injection.raw-html-format file: client/src/pages/document-management.tsx func: DocumentManagement:63854]
[0m[08.75][[33mWARNING[0m]: Fixpoint timeout while performing taint analysis [rule: config..semgrep.vendored-rules.javascript.express.security.cors-misconfiguration file: client/src/pages/automation.tsx func: Automation:62470]
[0m[09.07][[33mWARNING[0m]: Fixpoint timeout while performing taint analysis [rule: config..semgrep.vendored-rules.javascript.express.security.injection.raw-html-format file: client/src/components/firms/firm-details.tsx func: FirmDetails:68772]
[0m[09.15][[33mWARNING[0m]: Fixpoint timeout while performing taint analysis [rule: config..semgrep.vendored-rules.javascript.express.security.audit.remote-property-injection file: client/src/pages/document-management.tsx func: DocumentManagement:63854]
[0m[09.46][[33mWARNING[0m]: Fixpoint timeout while performing taint analysis [rule: config..semgrep.vendored-rules.javascript.express.security.x-frame-options-misconfiguration file: client/src/pages/document-management.tsx func: DocumentManagement:63854]
[0m[09.64][[33mWARNING[0m]: Fixpoint timeout while performing taint analysis [rule: config..semgrep.vendored-rules.javascript.express.security.require-request file: client/src/pages/document-management.tsx func: DocumentManagement:63854]
[0m[10.01][[33mWARNING[0m]: Fixpoint timeout while performing taint analysis [rule: config..semgrep.vendored-rules.javascript.express.security.cors-misconfiguration file: client/src/pages/document-management.tsx func: DocumentManagement:63854]
[0m[10.05][[33mWARNING[0m]: Fixpoint timeout while performing taint analysis [rule: config..semgrep.vendored-rules.javascript.lang.security.audit.unsafe-formatstring file: server/routes.ts func: registerRoutes:72837]
[0m[10.59][[33mWARNING[0m]: Fixpoint timeout while performing taint analysis [rule: config..semgrep.vendored-rules.javascript.lang.security.audit.detect-non-literal-require file: server/routes.ts func: registerRoutes:72837]
[0m[10.80][[33mWARNING[0m]: Fixpoint timeout while performing taint analysis [rule: config..semgrep.vendored-rules.javascript.lang.security.audit.detect-non-literal-require file: client/src/components/tenders/ai-analysis.tsx func: AIAnalysis:81202]
[0m[11.02][[33mWARNING[0m]: Fixpoint timeout while performing taint analysis [rule: config..semgrep.vendored-rules.javascript.browser.security.js-open-redirect-from-function file: client/src/components/tenders/ai-analysis.tsx func: AIAnalysis:81202]
[0m[11.45][[33mWARNING[0m]: Fixpoint timeout while performing taint analysis [rule: config..semgrep.vendored-rules.javascript.lang.security.audit.code-string-concat file: server/routes.ts func: registerRoutes:72837]
[0m[11.85][[33mWARNING[0m]: Fixpoint timeout while performing taint analysis [rule: config..semgrep.vendored-rules.javascript.express.security.injection.tainted-sql-string file: server/routes.ts func: registerRoutes:72837]
[0m[12.57][[33mWARNING[0m]: Fixpoint timeout while performing taint analysis [rule: config..semgrep.vendored-rules.javascript.express.security.injection.raw-html-format file: server/routes.ts func: registerRoutes:72837]
[0m[13.27][[33mWARNING[0m]: Fixpoint timeout while performing taint analysis [rule: config..semgrep.vendored-rules.javascript.express.security.audit.xss.direct-response-write file: server/routes.ts func: registerRoutes:72837]
[0m[13.81][[33mWARNING[0m]: Fixpoint timeout while performing taint analysis [rule: config..semgrep.vendored-rules.javascript.express.security.express-wkhtmltoimage-injection file: server/routes.ts func: registerRoutes:72837]
[0m[14.19][[33mWARNING[0m]: Fixpoint timeout while performing taint analysis [rule: config..semgrep.vendored-rules.javascript.express.security.x-frame-options-misconfiguration file: server/routes.ts func: registerRoutes:72837]
[0m[14.51][[33mWARNING[0m]: Fixpoint timeout while performing taint analysis [rule: config..semgrep.vendored-rules.javascript.express.security.require-request file: server/routes.ts func: registerRoutes:72837]
[0m[14.91][[33mWARNING[0m]: Fixpoint timeout while performing taint analysis [rule: config..semgrep.vendored-rules.javascript.express.security.cors-misconfiguration file: server/routes.ts func: registerRoutes:72837]
[0m[15.46][[34mINFO[0m]: Custom ignore pattern: None
[15.46][[34mINFO[0m]: Custom ignore pattern: None
--- end semgrep-core stderr ---
2025-06-04 07:32:16,700 - semgrep.rule_match - DEBUG - match_key = ('', PosixPath('client/index.html'), 'config..semgrep.vendored-rules.html.security.audit.missing-integrity') match_id = 0ee74fd49637bebe183eca7188dbde26e386314e62cc2e7ba1ee60b377b638243fcd84e6c6fa04886198ccacfa6a711bfbcc61a28f9ddc913d5b3c53083cbc90_0
2025-06-04 07:32:16,701 - semgrep.rule_match - DEBUG - match_key = (' type="text/javascript" src="https://replit.com/public/js/replit-dev-banner.js" (?is).*integrity= (google-analytics\\.com|fonts\\.googleapis\\.com|fonts\\.gstatic\\.com|googletagmanager\\.com) .*rel\\s*=\\s*[\'"]?preconnect.* href="... :// ..." href="//..." href=\'... :// ...\' href=\'//...\' src="... :// ..." src="//..." src=\'... :// ...\' src=\'//...\' <link  type="text/javascript" src="https://replit.com/public/js/replit-dev-banner.js" > <script  type="text/javascript" src="https://replit.com/public/js/replit-dev-banner.js" >...</script>', PosixPath('client/index.html'), 'config..semgrep.vendored-rules.html.security.audit.missing-integrity') match_id = 0728b64e224596592d04447ba8a642ff94e1fb9fcc07be26d49dc7e7f6898e638ad16ffcaca086932c58f4c6400fe32603323afef02cf9bfebcb0e4a53562a40_0
2025-06-04 07:32:16,702 - semgrep.rule_match - DEBUG - match_key = (' type="text/javascript" src="https://replit.com/public/js/replit-dev-banner.js" (?is).*integrity= (google-analytics\\.com|fonts\\.googleapis\\.com|fonts\\.gstatic\\.com|googletagmanager\\.com) .*rel\\s*=\\s*[\'"]?preconnect.* href="... :// ..." href="//..." href=\'... :// ...\' href=\'//...\' src="... :// ..." src="//..." src=\'... :// ...\' src=\'//...\' <link  type="text/javascript" src="https://replit.com/public/js/replit-dev-banner.js" > <script  type="text/javascript" src="https://replit.com/public/js/replit-dev-banner.js" >...</script>', PosixPath('client/index.html'), 'config..semgrep.vendored-rules.html.security.audit.missing-integrity') match_id = 0728b64e224596592d04447ba8a642ff94e1fb9fcc07be26d49dc7e7f6898e638ad16ffcaca086932c58f4c6400fe32603323afef02cf9bfebcb0e4a53562a40_0
2025-06-04 07:32:16,702 - semgrep.rule_match - DEBUG - match_key = (' type="text/javascript" src="https://replit.com/public/js/replit-dev-banner.js" (?is).*integrity= (google-analytics\\.com|fonts\\.googleapis\\.com|fonts\\.gstatic\\.com|googletagmanager\\.com) .*rel\\s*=\\s*[\'"]?preconnect.* href="... :// ..." href="//..." href=\'... :// ...\' href=\'//...\' src="... :// ..." src="//..." src=\'... :// ...\' src=\'//...\' <link  type="text/javascript" src="https://replit.com/public/js/replit-dev-banner.js" > <script  type="text/javascript" src="https://replit.com/public/js/replit-dev-banner.js" >...</script>', PosixPath('client/index.html'), 'config..semgrep.vendored-rules.html.security.audit.missing-integrity') match_id = 0728b64e224596592d04447ba8a642ff94e1fb9fcc07be26d49dc7e7f6898e638ad16ffcaca086932c58f4c6400fe32603323afef02cf9bfebcb0e4a53562a40_0
2025-06-04 07:32:16,703 - semgrep.rule_match - DEBUG - match_key = ('', PosixPath('server/api-integrations.ts'), 'config..semgrep.vendored-rules.javascript.lang.security.audit.unsafe-formatstring') match_id = c578c4dbbb0ca20a211ca1af41367e513756b9f1bdf31d6b9bea512c48dc110b55a2b60ed68cebc8208115a95bcd44437aeb40fe4d6b932202a0d9c143d8dc79_0
2025-06-04 07:32:16,704 - semgrep.rule_match - DEBUG - match_key = ('"..." + "..."\n $X + $Y $X.concat($Y) `...${...}...`\n $X.concat("...")\n `Inbound webhook received for integration integrationId: $UTIL = require(\'util\')\n...\n $UTIL.format(`Inbound webhook received for integration integrationId:,{payload payload headers{\'content-type\'headers[\'content-type\']\'user-agent\'headers[\'user-agent\']\'x-webhook-signature\'headers[\'x-webhook-signature\']}},...)\n console.log(`Inbound webhook received for integration integrationId:,{payload payload headers{\'content-type\'headers[\'content-type\']\'user-agent\'headers[\'user-agent\']\'x-webhook-signature\'headers[\'x-webhook-signature\']}},...)\n', PosixPath('server/api-integrations.ts'), 'config..semgrep.vendored-rules.javascript.lang.security.audit.unsafe-formatstring') match_id = ad4be53c134019affb8ba4c65767c45259a4a6bb6b7740dff37aae2e266d1a36471a534c52f94cf5c7ab39a33052b987f9d552f3e3cb7b20aac2070c225a6fb0_0
2025-06-04 07:32:16,704 - semgrep.rule_match - DEBUG - match_key = ('"..." + "..."\n $X + $Y $X.concat($Y) `...${...}...`\n $X.concat("...")\n `Inbound webhook received for integration integrationId: $UTIL = require(\'util\')\n...\n $UTIL.format(`Inbound webhook received for integration integrationId:,{payload payload headers{\'content-type\'headers[\'content-type\']\'user-agent\'headers[\'user-agent\']\'x-webhook-signature\'headers[\'x-webhook-signature\']}},...)\n console.log(`Inbound webhook received for integration integrationId:,{payload payload headers{\'content-type\'headers[\'content-type\']\'user-agent\'headers[\'user-agent\']\'x-webhook-signature\'headers[\'x-webhook-signature\']}},...)\n', PosixPath('server/api-integrations.ts'), 'config..semgrep.vendored-rules.javascript.lang.security.audit.unsafe-formatstring') match_id = ad4be53c134019affb8ba4c65767c45259a4a6bb6b7740dff37aae2e266d1a36471a534c52f94cf5c7ab39a33052b987f9d552f3e3cb7b20aac2070c225a6fb0_0
2025-06-04 07:32:16,705 - semgrep.rule_match - DEBUG - match_key = ('"..." + "..."\n $X + $Y $X.concat($Y) `...${...}...`\n $X.concat("...")\n `Inbound webhook received for integration integrationId: $UTIL = require(\'util\')\n...\n $UTIL.format(`Inbound webhook received for integration integrationId:,{payload payload headers{\'content-type\'headers[\'content-type\']\'user-agent\'headers[\'user-agent\']\'x-webhook-signature\'headers[\'x-webhook-signature\']}},...)\n console.log(`Inbound webhook received for integration integrationId:,{payload payload headers{\'content-type\'headers[\'content-type\']\'user-agent\'headers[\'user-agent\']\'x-webhook-signature\'headers[\'x-webhook-signature\']}},...)\n', PosixPath('server/api-integrations.ts'), 'config..semgrep.vendored-rules.javascript.lang.security.audit.unsafe-formatstring') match_id = ad4be53c134019affb8ba4c65767c45259a4a6bb6b7740dff37aae2e266d1a36471a534c52f94cf5c7ab39a33052b987f9d552f3e3cb7b20aac2070c225a6fb0_0
2025-06-04 07:32:16,705 - semgrep.rule_match - DEBUG - match_key = ('', PosixPath('server/api-integrations.ts'), 'config..semgrep.vendored-rules.javascript.lang.security.audit.unsafe-formatstring') match_id = c578c4dbbb0ca20a211ca1af41367e513756b9f1bdf31d6b9bea512c48dc110b55a2b60ed68cebc8208115a95bcd44437aeb40fe4d6b932202a0d9c143d8dc79_0
2025-06-04 07:32:16,706 - semgrep.rule_match - DEBUG - match_key = ('"..." + "..."\n $X + $Y $X.concat($Y) `...${...}...`\n $X.concat("...")\n `Webhook sent to integration.name: $UTIL = require(\'util\')\n...\n $UTIL.format(`Webhook sent to integration.name:,result,...)\n console.log(`Webhook sent to integration.name:,result,...)\n', PosixPath('server/api-integrations.ts'), 'config..semgrep.vendored-rules.javascript.lang.security.audit.unsafe-formatstring') match_id = 871f06381b066678cfcab1e823779ad3a8c709b4f88c6c7ed011b954ab6454c5b3cc79d65f3ca44b349ea4466c13728ecfa8ac6071528f9862635e2202c3a4fb_0
2025-06-04 07:32:16,707 - semgrep.rule_match - DEBUG - match_key = ('"..." + "..."\n $X + $Y $X.concat($Y) `...${...}...`\n $X.concat("...")\n `Webhook sent to integration.name: $UTIL = require(\'util\')\n...\n $UTIL.format(`Webhook sent to integration.name:,result,...)\n console.log(`Webhook sent to integration.name:,result,...)\n', PosixPath('server/api-integrations.ts'), 'config..semgrep.vendored-rules.javascript.lang.security.audit.unsafe-formatstring') match_id = 871f06381b066678cfcab1e823779ad3a8c709b4f88c6c7ed011b954ab6454c5b3cc79d65f3ca44b349ea4466c13728ecfa8ac6071528f9862635e2202c3a4fb_0
2025-06-04 07:32:16,707 - semgrep.rule_match - DEBUG - match_key = ('"..." + "..."\n $X + $Y $X.concat($Y) `...${...}...`\n $X.concat("...")\n `Webhook sent to integration.name: $UTIL = require(\'util\')\n...\n $UTIL.format(`Webhook sent to integration.name:,result,...)\n console.log(`Webhook sent to integration.name:,result,...)\n', PosixPath('server/api-integrations.ts'), 'config..semgrep.vendored-rules.javascript.lang.security.audit.unsafe-formatstring') match_id = 871f06381b066678cfcab1e823779ad3a8c709b4f88c6c7ed011b954ab6454c5b3cc79d65f3ca44b349ea4466c13728ecfa8ac6071528f9862635e2202c3a4fb_0
2025-06-04 07:32:16,708 - semgrep.rule_match - DEBUG - match_key = ('', PosixPath('server/api-integrations.ts'), 'config..semgrep.vendored-rules.javascript.lang.security.audit.unsafe-formatstring') match_id = c578c4dbbb0ca20a211ca1af41367e513756b9f1bdf31d6b9bea512c48dc110b55a2b60ed68cebc8208115a95bcd44437aeb40fe4d6b932202a0d9c143d8dc79_0
2025-06-04 07:32:16,709 - semgrep.rule_match - DEBUG - match_key = ('"..." + "..."\n $X + $Y $X.concat($Y) `...${...}...`\n $X.concat("...")\n `Failed to send webhook to integration.name: $UTIL = require(\'util\')\n...\n $UTIL.format(`Failed to send webhook to integration.name:,error,...)\n console.error(`Failed to send webhook to integration.name:,error,...)\n', PosixPath('server/api-integrations.ts'), 'config..semgrep.vendored-rules.javascript.lang.security.audit.unsafe-formatstring') match_id = 388537269a6c7c8d43dcc4fa8d27f900c25318059c7261bc567491a49ca442d199f792e0c0bc9f6c3915e447659059ac0c2c1854f2171eccbd84726d28a5bd46_0
2025-06-04 07:32:16,709 - semgrep.rule_match - DEBUG - match_key = ('"..." + "..."\n $X + $Y $X.concat($Y) `...${...}...`\n $X.concat("...")\n `Failed to send webhook to integration.name: $UTIL = require(\'util\')\n...\n $UTIL.format(`Failed to send webhook to integration.name:,error,...)\n console.error(`Failed to send webhook to integration.name:,error,...)\n', PosixPath('server/api-integrations.ts'), 'config..semgrep.vendored-rules.javascript.lang.security.audit.unsafe-formatstring') match_id = 388537269a6c7c8d43dcc4fa8d27f900c25318059c7261bc567491a49ca442d199f792e0c0bc9f6c3915e447659059ac0c2c1854f2171eccbd84726d28a5bd46_0
2025-06-04 07:32:16,710 - semgrep.rule_match - DEBUG - match_key = ('"..." + "..."\n $X + $Y $X.concat($Y) `...${...}...`\n $X.concat("...")\n `Failed to send webhook to integration.name: $UTIL = require(\'util\')\n...\n $UTIL.format(`Failed to send webhook to integration.name:,error,...)\n console.error(`Failed to send webhook to integration.name:,error,...)\n', PosixPath('server/api-integrations.ts'), 'config..semgrep.vendored-rules.javascript.lang.security.audit.unsafe-formatstring') match_id = 388537269a6c7c8d43dcc4fa8d27f900c25318059c7261bc567491a49ca442d199f792e0c0bc9f6c3915e447659059ac0c2c1854f2171eccbd84726d28a5bd46_0
2025-06-04 07:32:16,715 - semgrep.core_runner - DEBUG - semgrep ran in 0:00:15.709184 on 120 files
2025-06-04 07:32:16,717 - semgrep.core_runner - DEBUG - findings summary: 1 warning, 0 error, 3 info
2025-06-04 07:32:16,722 - semgrep.app.auth - DEBUG - Getting API token from settings file
2025-06-04 07:32:16,722 - semgrep.app.auth - DEBUG - No API token found in settings file
2025-06-04 07:32:16,723 - semgrep.semgrep_core - DEBUG - Failed to open resource semgrep-core-proprietary: [Errno 2] No such file or directory: '/tmp/_MEI5G8NAQ/semgrep/bin/semgrep-core-proprietary'.
2025-06-04 07:32:16,910 - semgrep.output - VERBOSE - 
========================================
Files skipped:
========================================

  Always skipped by Opengrep:

   • <none>

  Skipped by .gitignore:
  (Disable by passing --no-git-ignore)

   • <all files not listed by `git ls-files` were skipped>

  Skipped by .semgrepignore:
  - https://semgrep.dev/docs/ignoring-files-folders-code/#understand-semgrep-defaults

   • <none>

  Skipped by --include patterns:

   • <none>

  Skipped by --exclude patterns:

   • <none>

  Files skipped due to insufficient read permissions:

   • <none>

  Skipped by limiting to files smaller than 1000000 bytes:
  (Adjust with the --max-target-bytes flag)

   • <none>

  Partially analyzed due to parsing or internal Opengrep errors

   • tailwind.config.ts (1 lines skipped)

2025-06-04 07:32:16,911 - semgrep.output - INFO - Some files were skipped or only partially analyzed.
  Scan was limited to files tracked by git.
  Partially scanned: 1 files only partially analyzed due to parsing or internal Opengrep errors

Ran 435 rules on 120 files: 4 findings.
2025-06-04 07:32:16,912 - semgrep.app.version - DEBUG - Version cache does not exist
2025-06-04 07:32:16,933 - semgrep.metrics - VERBOSE - Not sending pseudonymous metrics since metrics are configured to OFF and registry usage is False
